2019-04-11T15:05:26+00:00 CRITICAL Maximum execution time of 30 seconds exceeded in C:\Users\Tony\Documents\sites\vyarte\wp-content\plugins\woocommerce\includes\admin\helper\class-wc-helper-api.php on line 2

2019-04-11T16:33:08+00:00 CRITICAL syntax error, unexpected ''operator'' (T_CONSTANT_ENCAPSED_STRING), expecting ')' in C:\Users\Tony\Documents\sites\vyarte\wp-content\themes\vyarte\woocommerce\content-single-product.php on line 80

2019-04-11T16:34:10+00:00 CRITICAL Maximum execution time of 30 seconds exceeded in C:\Users\Tony\Documents\sites\vyarte\wp-includes\wp-db.php on line 1924

2019-04-11T16:42:37+00:00 CRITICAL syntax error, unexpected ''tax_query'' (T_CONSTANT_ENCAPSED_STRING), expecting ')' in C:\Users\Tony\Documents\sites\vyarte\wp-content\themes\vyarte\woocommerce\content-single-product.php on line 77

2019-04-11T16:43:33+00:00 CRITICAL syntax error, unexpected ''operator'' (T_CONSTANT_ENCAPSED_STRING), expecting ')' in C:\Users\Tony\Documents\sites\vyarte\wp-content\themes\vyarte\page-personalizar-producto.php on line 25

2019-04-11T18:33:53+00:00 CRITICAL syntax error, unexpected '}', expecting ',' or ';' in C:\Users\Tony\Documents\sites\vyarte\wp-content\themes\vyarte\woocommerce\single-product\review-rating.php on line 29

2019-04-11T21:28:50+00:00 CRITICAL Uncaught ArgumentCountError: Too few arguments to function woocommerce_comments(), 0 passed in C:\Users\Tony\Documents\sites\vyarte\wp-content\themes\vyarte\page-comentarios-clientes.php on line 17 and exactly 3 expected in C:\Users\Tony\Documents\sites\vyarte\wp-content\plugins\woocommerce\includes\wc-template-functions.php:1737
Stack trace:
#0 C:\Users\Tony\Documents\sites\vyarte\wp-content\themes\vyarte\page-comentarios-clientes.php(17): woocommerce_comments()
#1 C:\Users\Tony\Documents\sites\vyarte\wp-includes\template-loader.php(74): include('C:\\Users\\Tony\\D...')
#2 C:\Users\Tony\Documents\sites\vyarte\wp-blog-header.php(19): require_once('C:\\Users\\Tony\\D...')
#3 C:\Users\Tony\Documents\sites\vyarte\index.php(17): require('C:\\Users\\Tony\\D...')
#4 {main}
  thrown in C:\Users\Tony\Documents\sites\vyarte\wp-content\plugins\woocommerce\includes\wc-template-functions.php on line 1737

2019-04-11T21:28:51+00:00 CRITICAL Uncaught ArgumentCountError: Too few arguments to function woocommerce_comments(), 0 passed in C:\Users\Tony\Documents\sites\vyarte\wp-content\themes\vyarte\page-comentarios-clientes.php on line 17 and exactly 3 expected in C:\Users\Tony\Documents\sites\vyarte\wp-content\plugins\woocommerce\includes\wc-template-functions.php:1737
Stack trace:
#0 C:\Users\Tony\Documents\sites\vyarte\wp-content\themes\vyarte\page-comentarios-clientes.php(17): woocommerce_comments()
#1 C:\Users\Tony\Documents\sites\vyarte\wp-includes\template-loader.php(74): include('C:\\Users\\Tony\\D...')
#2 C:\Users\Tony\Documents\sites\vyarte\wp-blog-header.php(19): require_once('C:\\Users\\Tony\\D...')
#3 C:\Users\Tony\Documents\sites\vyarte\index.php(17): require('C:\\Users\\Tony\\D...')
#4 {main}
  thrown in C:\Users\Tony\Documents\sites\vyarte\wp-content\plugins\woocommerce\includes\wc-template-functions.php on line 1737

2019-04-11T21:29:19+00:00 CRITICAL Cannot redeclare woocommerce_comments() (previously declared in C:\Users\Tony\Documents\sites\vyarte\wp-content\plugins\woocommerce\includes\wc-template-functions.php:1737) in C:\Users\Tony\Documents\sites\vyarte\wp-content\themes\vyarte\page-comentarios-clientes.php on line 27

