2019-04-10T00:12:35+00:00 NOTICE product_submit.success :: updateStoreProduct :: #437
2019-04-10T00:21:00+00:00 NOTICE product_submit.success :: updateStoreProduct :: #437
2019-04-10T00:26:56+00:00 NOTICE product_submit.success :: addStoreProduct :: #459
2019-04-10T00:33:10+00:00 NOTICE product_submit.success :: updateStoreProduct :: #445
2019-04-10T00:33:15+00:00 NOTICE product_submit.success :: updateStoreProduct :: #459
2019-04-10T00:33:41+00:00 NOTICE product_submit.success :: updateStoreProduct :: #437
2019-04-10T00:34:58+00:00 NOTICE product_submit.success :: updateStoreProduct :: #437
2019-04-10T00:35:02+00:00 NOTICE product_submit.success :: updateStoreProduct :: #459
2019-04-10T00:36:19+00:00 NOTICE product_submit.success :: updateStoreProduct :: #459
2019-04-10T00:36:26+00:00 NOTICE product_submit.success :: updateStoreProduct :: #445
2019-04-10T02:02:21+00:00 NOTICE product_submit.success :: updateStoreProduct :: #277
2019-04-10T02:02:32+00:00 NOTICE product_submit.success :: updateStoreProduct :: #276
2019-04-10T02:02:43+00:00 NOTICE product_submit.success :: updateStoreProduct :: #276
2019-04-10T02:06:13+00:00 NOTICE product_submit.success :: updateStoreProduct :: #368
2019-04-10T02:07:13+00:00 NOTICE product_submit.success :: updateStoreProduct :: #367
2019-04-10T02:07:58+00:00 NOTICE product_submit.success :: updateStoreProduct :: #366
2019-04-10T02:09:05+00:00 NOTICE product_submit.success :: updateStoreProduct :: #365
2019-04-10T02:10:22+00:00 NOTICE product_submit.success :: updateStoreProduct :: #369
2019-04-10T02:10:27+00:00 NOTICE product_submit.success :: updateStoreProduct :: #364
2019-04-10T02:19:20+00:00 NOTICE product_submit.success :: updateStoreProduct :: #369
2019-04-10T02:19:57+00:00 NOTICE product_submit.success :: updateStoreProduct :: #352
2019-04-10T02:20:37+00:00 NOTICE product_submit.success :: addStoreProduct :: #477
2019-04-10T02:21:41+00:00 NOTICE product_submit.success :: addStoreProduct :: #478
2019-04-10T02:22:14+00:00 NOTICE product_submit.success :: updateStoreProduct :: #353
2019-04-10T02:22:52+00:00 NOTICE product_submit.success :: addStoreProduct :: #479
2019-04-10T02:23:31+00:00 NOTICE product_submit.success :: addStoreProduct :: #480
2019-04-10T02:24:01+00:00 NOTICE product_submit.success :: updateStoreProduct :: #354
2019-04-10T02:24:46+00:00 NOTICE product_submit.success :: addStoreProduct :: #481
2019-04-10T02:25:13+00:00 NOTICE product_submit.success :: addStoreProduct :: #482
2019-04-10T02:25:50+00:00 NOTICE product_submit.success :: updateStoreProduct :: #355
2019-04-10T02:26:28+00:00 NOTICE product_submit.success :: addStoreProduct :: #483
2019-04-10T02:27:35+00:00 NOTICE product_submit.success :: addStoreProduct :: #484
2019-04-10T02:36:43+00:00 NOTICE rest-queue :: http_worker_lock did not delete properly - will respawn in 60 seconds.
2019-04-10T02:41:28+00:00 NOTICE product_submit.success :: addStoreProduct :: #494
2019-04-10T02:41:35+00:00 NOTICE product_submit.success :: updateStoreProduct :: #494
2019-04-10T02:49:11+00:00 NOTICE product_submit.success :: updateStoreProduct :: #494
2019-04-10T02:51:00+00:00 NOTICE product_submit.success :: updateStoreProduct :: #494
2019-04-10T02:51:54+00:00 NOTICE product_submit.success :: updateStoreProduct :: #437
2019-04-10T02:52:16+00:00 NOTICE product_submit.success :: updateStoreProduct :: #437
2019-04-10T02:53:01+00:00 NOTICE product_submit.success :: updateStoreProduct :: #445
2019-04-10T02:53:35+00:00 NOTICE product_submit.success :: updateStoreProduct :: #445
2019-04-10T02:53:54+00:00 NOTICE product_submit.success :: updateStoreProduct :: #459
2019-04-10T02:57:01+00:00 NOTICE product_submit.success :: addStoreProduct :: #495
2019-04-10T02:57:07+00:00 NOTICE product_submit.success :: updateStoreProduct :: #495
2019-04-10T03:08:52+00:00 NOTICE product_submit.success :: updateStoreProduct :: #495
2019-04-10T03:12:13+00:00 NOTICE product_submit.success :: updateStoreProduct :: #495
2019-04-10T03:13:08+00:00 NOTICE product_submit.success :: updateStoreProduct :: #445
2019-04-10T03:13:42+00:00 NOTICE product_submit.success :: updateStoreProduct :: #494
2019-04-10T18:15:46+00:00 NOTICE product_submit.success :: updateStoreProduct :: #477
2019-04-10T18:16:17+00:00 NOTICE order_submit.success :: addStoreOrder :: #543 :: email: nayeli.jordan16@gmail.com :: landing site http://vyartesublimacion.com/vyarte/wp-admin/admin-ajax.php?action=dashboard-widgets&widget=dashboard_primary&pagenow=dashboard
2019-04-10T18:16:18+00:00 NOTICE order_submit.success :: updateStoreOrder :: #543 :: email: nayeli.jordan16@gmail.com
2019-04-10T18:16:19+00:00 NOTICE order_submit.success :: updateStoreOrder :: #543 :: email: nayeli.jordan16@gmail.com
2019-04-10T18:16:20+00:00 NOTICE order_submit.success :: updateStoreOrder :: #543 :: email: nayeli.jordan16@gmail.com
2019-04-10T18:16:20+00:00 NOTICE product_submit.success :: updateStoreProduct :: #477
2019-04-10T18:16:21+00:00 NOTICE product_submit.success :: updateStoreProduct :: #478
2019-04-10T20:48:00+00:00 NOTICE order_submit.success :: updateStoreOrder :: #543 :: email: nayeli.jordan16@gmail.com
2019-04-10T20:48:01+00:00 NOTICE order_submit.success :: updateStoreOrder :: #543 :: email: nayeli.jordan16@gmail.com
2019-04-10T20:48:02+00:00 NOTICE order_submit.success :: updateStoreOrder :: #543 :: email: nayeli.jordan16@gmail.com
2019-04-10T20:48:05+00:00 NOTICE product_submit.success :: updateStoreProduct :: #478
2019-04-10T20:48:06+00:00 NOTICE product_submit.success :: updateStoreProduct :: #478
2019-04-10T20:48:44+00:00 NOTICE product_submit.success :: updateStoreProduct :: #352
2019-04-10T20:49:40+00:00 NOTICE product_submit.success :: updateStoreProduct :: #479
2019-04-10T20:50:12+00:00 NOTICE product_submit.success :: updateStoreProduct :: #479
2019-04-10T20:51:07+00:00 NOTICE product_submit.success :: updateStoreProduct :: #480
2019-04-10T20:51:20+00:00 NOTICE product_submit.success :: updateStoreProduct :: #481
2019-04-10T20:51:31+00:00 NOTICE product_submit.success :: updateStoreProduct :: #482
2019-04-10T20:51:43+00:00 NOTICE product_submit.success :: updateStoreProduct :: #483
2019-04-10T20:51:47+00:00 NOTICE product_submit.success :: updateStoreProduct :: #484
2019-04-10T20:53:32+00:00 NOTICE product_submit.success :: updateStoreProduct :: #484
2019-04-10T23:14:55+00:00 NOTICE order_submit.success :: addStoreOrder :: #594 :: email: nayeli.jordan16@gmail.com :: landing site http://vyartesublimacion.com/wp-admin/async-upload.php
