2019-04-07T20:45:46+00:00 NOTICE sync.started :: Starting Sync :: Sun, Apr 7, 2019 8:45 PM
2019-04-07T20:45:47+00:00 NOTICE product_sync.success :: addStoreProduct :: #112
2019-04-07T20:45:47+00:00 NOTICE product_sync.success :: addStoreProduct :: #113
2019-04-07T20:45:47+00:00 NOTICE product_sync.success :: addStoreProduct :: #114
2019-04-07T20:45:48+00:00 NOTICE product_sync.success :: addStoreProduct :: #115
2019-04-07T20:45:48+00:00 NOTICE product_sync.success :: addStoreProduct :: #116
2019-04-07T20:45:48+00:00 NOTICE product_sync.success :: addStoreProduct :: #117
2019-04-07T20:45:48+00:00 NOTICE product_sync.success :: addStoreProduct :: #118
2019-04-07T20:45:49+00:00 NOTICE product_sync.success :: addStoreProduct :: #119
2019-04-07T20:45:49+00:00 NOTICE product_sync.success :: addStoreProduct :: #120
2019-04-07T20:45:49+00:00 NOTICE product_sync.success :: addStoreProduct :: #121
2019-04-07T20:45:49+00:00 NOTICE product_sync.success :: addStoreProduct :: #122
2019-04-07T20:45:50+00:00 NOTICE product_sync.success :: addStoreProduct :: #123
2019-04-07T20:45:50+00:00 NOTICE product_sync.success :: addStoreProduct :: #124
2019-04-07T20:45:50+00:00 NOTICE product_sync.success :: addStoreProduct :: #125
2019-04-07T20:45:50+00:00 NOTICE product_sync.success :: addStoreProduct :: #126
2019-04-07T20:45:51+00:00 NOTICE product_sync.success :: addStoreProduct :: #127
2019-04-07T20:45:51+00:00 NOTICE product_sync.success :: addStoreProduct :: #128
2019-04-07T20:45:51+00:00 NOTICE product_sync.success :: addStoreProduct :: #129
2019-04-07T20:45:51+00:00 NOTICE product_sync.success :: addStoreProduct :: #130
2019-04-07T20:45:52+00:00 NOTICE product_sync.success :: addStoreProduct :: #131
2019-04-07T20:45:52+00:00 NOTICE product_sync.success :: addStoreProduct :: #132
2019-04-07T20:45:52+00:00 NOTICE product_sync.success :: addStoreProduct :: #133
2019-04-07T20:45:53+00:00 NOTICE product_sync.success :: addStoreProduct :: #134
2019-04-07T20:45:53+00:00 NOTICE product_sync.success :: addStoreProduct :: #135
2019-04-07T20:45:53+00:00 NOTICE product_sync.success :: addStoreProduct :: #136
2019-04-07T20:45:53+00:00 NOTICE product_sync.success :: addStoreProduct :: #137
2019-04-07T20:45:54+00:00 NOTICE product_sync.success :: addStoreProduct :: #138
2019-04-07T20:45:54+00:00 NOTICE product_sync.success :: addStoreProduct :: #139
2019-04-07T20:45:54+00:00 NOTICE product_sync.success :: addStoreProduct :: #140
2019-04-07T20:45:54+00:00 NOTICE product_sync.success :: addStoreProduct :: #141
2019-04-07T20:45:55+00:00 NOTICE product_sync.success :: addStoreProduct :: #142
2019-04-07T20:45:55+00:00 NOTICE product_sync.success :: addStoreProduct :: #143
2019-04-07T20:45:55+00:00 NOTICE product_sync.success :: addStoreProduct :: #144
2019-04-07T20:45:55+00:00 NOTICE product_sync.success :: addStoreProduct :: #145
2019-04-07T20:45:56+00:00 NOTICE product_sync.success :: addStoreProduct :: #146
2019-04-07T20:45:56+00:00 NOTICE product_sync.success :: addStoreProduct :: #147
2019-04-07T20:45:56+00:00 NOTICE product_sync.success :: addStoreProduct :: #148
2019-04-07T20:45:56+00:00 NOTICE product_sync.success :: addStoreProduct :: #149
2019-04-07T20:45:57+00:00 NOTICE product_sync.success :: addStoreProduct :: #150
2019-04-07T20:45:57+00:00 NOTICE product_sync.success :: addStoreProduct :: #151
2019-04-07T20:45:57+00:00 NOTICE product_sync.success :: addStoreProduct :: #152
2019-04-07T20:45:58+00:00 NOTICE product_sync.success :: addStoreProduct :: #217
2019-04-07T20:45:58+00:00 NOTICE product_sync.success :: addStoreProduct :: #218
2019-04-07T20:45:58+00:00 NOTICE product_sync.success :: addStoreProduct :: #219
2019-04-07T20:45:58+00:00 NOTICE product_sync.success :: addStoreProduct :: #220
2019-04-07T20:45:59+00:00 NOTICE product_sync.success :: addStoreProduct :: #221
2019-04-07T20:46:01+00:00 NOTICE product_sync.completed :: Done with the product sync :: queuing up the orders next!
2019-04-07T20:46:03+00:00 NOTICE order_submit.completed :: Done with the order sync.
2019-04-07T20:46:03+00:00 NOTICE sync.completed :: Finished Sync :: Sun, Apr 7, 2019 8:46 PM
2019-04-07T22:51:36+00:00 NOTICE product_submit.success :: addStoreProduct :: #250
2019-04-07T22:51:37+00:00 NOTICE product_submit.success :: addStoreProduct :: #251
2019-04-07T22:51:37+00:00 NOTICE product_submit.success :: addStoreProduct :: #252
2019-04-07T22:51:37+00:00 NOTICE product_submit.success :: addStoreProduct :: #253
2019-04-07T22:51:38+00:00 NOTICE product_submit.success :: addStoreProduct :: #254
2019-04-07T22:51:38+00:00 NOTICE product_submit.success :: addStoreProduct :: #255
2019-04-07T22:51:38+00:00 NOTICE product_submit.success :: addStoreProduct :: #256
2019-04-07T22:51:38+00:00 NOTICE product_submit.success :: addStoreProduct :: #257
2019-04-07T22:51:39+00:00 NOTICE product_submit.success :: addStoreProduct :: #258
2019-04-07T22:51:39+00:00 NOTICE product_submit.success :: addStoreProduct :: #259
2019-04-07T22:51:39+00:00 NOTICE product_submit.success :: addStoreProduct :: #260
2019-04-07T22:51:40+00:00 NOTICE product_submit.success :: addStoreProduct :: #261
2019-04-07T22:51:40+00:00 NOTICE product_submit.success :: addStoreProduct :: #262
2019-04-07T22:51:40+00:00 NOTICE product_submit.success :: addStoreProduct :: #263
2019-04-07T22:51:40+00:00 NOTICE product_submit.success :: addStoreProduct :: #264
2019-04-07T22:51:41+00:00 NOTICE product_submit.success :: addStoreProduct :: #265
2019-04-07T22:51:41+00:00 NOTICE product_submit.success :: addStoreProduct :: #266
2019-04-07T22:51:41+00:00 NOTICE product_submit.success :: addStoreProduct :: #267
2019-04-07T22:51:42+00:00 NOTICE product_submit.success :: addStoreProduct :: #268
2019-04-07T22:51:42+00:00 NOTICE product_submit.success :: addStoreProduct :: #269
2019-04-07T22:51:42+00:00 NOTICE product_submit.success :: addStoreProduct :: #270
2019-04-07T22:51:43+00:00 NOTICE product_submit.success :: addStoreProduct :: #271
2019-04-07T22:51:43+00:00 NOTICE product_submit.success :: addStoreProduct :: #272
2019-04-07T22:51:43+00:00 NOTICE product_submit.success :: addStoreProduct :: #273
2019-04-07T22:51:43+00:00 NOTICE product_submit.success :: addStoreProduct :: #274
2019-04-07T22:51:44+00:00 NOTICE product_submit.success :: addStoreProduct :: #275
2019-04-07T22:51:44+00:00 NOTICE product_submit.success :: addStoreProduct :: #276
2019-04-07T22:51:44+00:00 NOTICE product_submit.success :: addStoreProduct :: #277
2019-04-07T22:51:45+00:00 NOTICE product_submit.success :: addStoreProduct :: #278
2019-04-07T22:51:45+00:00 NOTICE product_submit.success :: addStoreProduct :: #279
2019-04-07T22:51:45+00:00 NOTICE product_submit.success :: addStoreProduct :: #280
2019-04-07T22:51:45+00:00 NOTICE product_submit.success :: addStoreProduct :: #281
2019-04-07T22:51:46+00:00 NOTICE product_submit.success :: addStoreProduct :: #282
2019-04-07T22:51:46+00:00 NOTICE product_submit.success :: addStoreProduct :: #283
2019-04-07T22:51:46+00:00 NOTICE product_submit.success :: addStoreProduct :: #284
2019-04-07T22:51:46+00:00 NOTICE product_submit.success :: addStoreProduct :: #285
2019-04-07T22:51:47+00:00 NOTICE product_submit.success :: addStoreProduct :: #286
2019-04-07T22:51:47+00:00 NOTICE product_submit.success :: addStoreProduct :: #287
2019-04-07T22:51:47+00:00 NOTICE product_submit.success :: addStoreProduct :: #288
2019-04-07T22:51:48+00:00 NOTICE product_submit.success :: addStoreProduct :: #289
2019-04-07T22:51:48+00:00 NOTICE product_submit.success :: addStoreProduct :: #290
2019-04-07T22:51:48+00:00 NOTICE product_submit.success :: addStoreProduct :: #291
2019-04-07T22:51:48+00:00 NOTICE product_submit.success :: addStoreProduct :: #292
2019-04-07T22:51:49+00:00 NOTICE product_submit.success :: addStoreProduct :: #293
2019-04-07T22:51:49+00:00 NOTICE product_submit.success :: addStoreProduct :: #294
2019-04-07T22:51:49+00:00 NOTICE product_submit.success :: addStoreProduct :: #295
2019-04-07T22:51:50+00:00 NOTICE product_submit.success :: addStoreProduct :: #296
2019-04-07T22:52:53+00:00 NOTICE product.deleted :: deleted product 152
2019-04-07T22:52:54+00:00 NOTICE product.deleted :: deleted product 151
2019-04-07T22:52:54+00:00 NOTICE product.deleted :: deleted product 150
2019-04-07T22:52:54+00:00 NOTICE product.deleted :: deleted product 149
2019-04-07T22:52:54+00:00 NOTICE product.deleted :: deleted product 148
2019-04-07T22:52:55+00:00 NOTICE product.deleted :: deleted product 147
2019-04-07T22:52:55+00:00 NOTICE product.deleted :: deleted product 146
2019-04-07T22:52:55+00:00 NOTICE product.deleted :: deleted product 145
2019-04-07T22:52:55+00:00 NOTICE product.deleted :: deleted product 144
2019-04-07T22:52:56+00:00 NOTICE product.deleted :: deleted product 143
2019-04-07T22:52:56+00:00 NOTICE product.deleted :: deleted product 142
2019-04-07T22:52:56+00:00 NOTICE product.deleted :: deleted product 141
2019-04-07T22:52:56+00:00 NOTICE product.deleted :: deleted product 140
2019-04-07T22:52:57+00:00 NOTICE product.deleted :: deleted product 139
2019-04-07T22:52:57+00:00 NOTICE product.deleted :: deleted product 138
2019-04-07T22:52:57+00:00 NOTICE product.deleted :: deleted product 137
2019-04-07T22:52:57+00:00 NOTICE product.deleted :: deleted product 136
2019-04-07T22:52:58+00:00 NOTICE product.deleted :: deleted product 135
2019-04-07T22:52:58+00:00 NOTICE product.deleted :: deleted product 134
2019-04-07T22:52:58+00:00 NOTICE product.deleted :: deleted product 133
2019-04-07T22:52:58+00:00 NOTICE product.deleted :: deleted product 132
2019-04-07T22:52:59+00:00 NOTICE product.deleted :: deleted product 131
2019-04-07T22:52:59+00:00 NOTICE product.deleted :: deleted product 130
2019-04-07T22:52:59+00:00 NOTICE product.deleted :: deleted product 129
2019-04-07T22:52:59+00:00 NOTICE product.deleted :: deleted product 128
2019-04-07T22:53:00+00:00 NOTICE product.deleted :: deleted product 127
2019-04-07T22:53:00+00:00 NOTICE product.deleted :: deleted product 126
2019-04-07T22:53:00+00:00 NOTICE product.deleted :: deleted product 125
2019-04-07T22:53:00+00:00 NOTICE product.deleted :: deleted product 124
2019-04-07T22:53:00+00:00 NOTICE product.deleted :: deleted product 123
2019-04-07T22:53:01+00:00 NOTICE product.deleted :: deleted product 122
2019-04-07T22:53:01+00:00 NOTICE product.deleted :: deleted product 121
2019-04-07T22:53:01+00:00 NOTICE product.deleted :: deleted product 120
2019-04-07T22:53:01+00:00 NOTICE product.deleted :: deleted product 119
2019-04-07T22:53:02+00:00 NOTICE product.deleted :: deleted product 118
2019-04-07T22:53:02+00:00 NOTICE product.deleted :: deleted product 117
2019-04-07T22:53:02+00:00 NOTICE product.deleted :: deleted product 116
2019-04-07T22:53:02+00:00 NOTICE product.deleted :: deleted product 115
2019-04-07T22:53:02+00:00 NOTICE product.deleted :: deleted product 114
2019-04-07T22:53:03+00:00 NOTICE product.deleted :: deleted product 113
2019-04-07T22:53:03+00:00 NOTICE product.deleted :: deleted product 112
2019-04-07T22:54:21+00:00 NOTICE product_submit.success :: updateStoreProduct :: #296
2019-04-07T22:54:21+00:00 NOTICE product_submit.success :: updateStoreProduct :: #294
2019-04-07T22:54:22+00:00 NOTICE product_submit.success :: updateStoreProduct :: #290
2019-04-07T22:54:22+00:00 NOTICE product_submit.success :: updateStoreProduct :: #291
2019-04-07T22:54:22+00:00 NOTICE product_submit.success :: updateStoreProduct :: #292
2019-04-07T22:54:23+00:00 NOTICE product_submit.success :: updateStoreProduct :: #293
2019-04-07T22:54:23+00:00 NOTICE product_submit.success :: updateStoreProduct :: #295
2019-04-07T22:54:23+00:00 NOTICE product_submit.success :: updateStoreProduct :: #282
2019-04-07T22:54:24+00:00 NOTICE product_submit.success :: updateStoreProduct :: #283
2019-04-07T22:54:24+00:00 NOTICE product_submit.success :: updateStoreProduct :: #284
2019-04-07T22:54:24+00:00 NOTICE product_submit.success :: updateStoreProduct :: #285
2019-04-07T22:54:25+00:00 NOTICE product_submit.success :: updateStoreProduct :: #286
2019-04-07T22:54:25+00:00 NOTICE product_submit.success :: updateStoreProduct :: #287
2019-04-07T22:54:25+00:00 NOTICE product_submit.success :: updateStoreProduct :: #289
2019-04-07T22:54:26+00:00 NOTICE product_submit.success :: updateStoreProduct :: #288
2019-04-07T22:54:26+00:00 NOTICE product_submit.success :: updateStoreProduct :: #280
2019-04-07T22:54:26+00:00 NOTICE product_submit.success :: updateStoreProduct :: #279
2019-04-07T22:54:26+00:00 NOTICE product_submit.success :: updateStoreProduct :: #281
2019-04-07T22:54:27+00:00 NOTICE product_submit.success :: updateStoreProduct :: #275
2019-04-07T22:54:27+00:00 NOTICE product_submit.success :: updateStoreProduct :: #276
2019-04-07T22:54:27+00:00 NOTICE product_submit.success :: updateStoreProduct :: #277
2019-04-07T22:54:28+00:00 NOTICE product_submit.success :: updateStoreProduct :: #278
2019-04-07T22:54:28+00:00 NOTICE product_submit.success :: updateStoreProduct :: #274
2019-04-07T22:54:28+00:00 NOTICE product_submit.success :: updateStoreProduct :: #273
2019-04-07T22:54:29+00:00 NOTICE product_submit.success :: updateStoreProduct :: #272
2019-04-07T22:54:29+00:00 NOTICE product_submit.success :: updateStoreProduct :: #263
2019-04-07T22:54:29+00:00 NOTICE product_submit.success :: updateStoreProduct :: #264
2019-04-07T22:54:30+00:00 NOTICE product_submit.success :: updateStoreProduct :: #269
2019-04-07T22:54:30+00:00 NOTICE product_submit.success :: updateStoreProduct :: #265
2019-04-07T22:54:30+00:00 NOTICE product_submit.success :: updateStoreProduct :: #266
2019-04-07T22:54:30+00:00 NOTICE product_submit.success :: updateStoreProduct :: #267
2019-04-07T22:54:31+00:00 NOTICE product_submit.success :: updateStoreProduct :: #268
2019-04-07T22:54:31+00:00 NOTICE product_submit.success :: updateStoreProduct :: #270
2019-04-07T22:54:31+00:00 NOTICE product_submit.success :: updateStoreProduct :: #271
2019-04-07T22:54:32+00:00 NOTICE product_submit.success :: updateStoreProduct :: #262
2019-04-07T22:54:32+00:00 NOTICE product_submit.success :: updateStoreProduct :: #256
2019-04-07T22:54:32+00:00 NOTICE product_submit.success :: updateStoreProduct :: #255
2019-04-07T22:54:33+00:00 NOTICE product_submit.success :: updateStoreProduct :: #257
2019-04-07T22:54:33+00:00 NOTICE product_submit.success :: updateStoreProduct :: #258
2019-04-07T22:54:33+00:00 NOTICE product_submit.success :: updateStoreProduct :: #259
2019-04-07T22:54:34+00:00 NOTICE product_submit.success :: updateStoreProduct :: #260
2019-04-07T22:54:34+00:00 NOTICE product_submit.success :: updateStoreProduct :: #261
2019-04-07T22:54:34+00:00 NOTICE product_submit.success :: updateStoreProduct :: #250
2019-04-07T22:54:34+00:00 NOTICE product_submit.success :: updateStoreProduct :: #251
2019-04-07T22:54:35+00:00 NOTICE product_submit.success :: updateStoreProduct :: #252
2019-04-07T22:54:35+00:00 NOTICE product_submit.success :: updateStoreProduct :: #253
2019-04-07T22:54:35+00:00 NOTICE product_submit.success :: updateStoreProduct :: #254
2019-04-07T22:54:36+00:00 NOTICE product_submit.success :: updateStoreProduct :: #221
2019-04-07T22:54:36+00:00 NOTICE product_submit.success :: updateStoreProduct :: #220
2019-04-07T22:54:36+00:00 NOTICE product_submit.success :: updateStoreProduct :: #219
2019-04-07T23:07:25+00:00 NOTICE product_submit.success :: updateStoreProduct :: #251
2019-04-07T23:07:50+00:00 NOTICE product_submit.success :: updateStoreProduct :: #254
2019-04-07T23:08:12+00:00 NOTICE product_submit.success :: updateStoreProduct :: #253
2019-04-07T23:08:16+00:00 NOTICE product_submit.success :: updateStoreProduct :: #252
2019-04-07T23:08:38+00:00 NOTICE product_submit.success :: updateStoreProduct :: #252
2019-04-07T23:09:28+00:00 NOTICE product_submit.success :: updateStoreProduct :: #250
2019-04-07T23:09:55+00:00 NOTICE product_submit.success :: updateStoreProduct :: #257
2019-04-07T23:11:19+00:00 NOTICE product_submit.success :: updateStoreProduct :: #262
2019-04-07T23:15:45+00:00 NOTICE product_submit.success :: updateStoreProduct :: #262
2019-04-07T23:16:07+00:00 NOTICE product_submit.success :: updateStoreProduct :: #261
2019-04-07T23:16:40+00:00 NOTICE product_submit.success :: updateStoreProduct :: #260
2019-04-07T23:16:57+00:00 NOTICE product_submit.success :: updateStoreProduct :: #259
2019-04-07T23:17:48+00:00 NOTICE product_submit.success :: updateStoreProduct :: #258
2019-04-07T23:18:09+00:00 NOTICE product_submit.success :: updateStoreProduct :: #256
2019-04-07T23:18:37+00:00 NOTICE product_submit.success :: updateStoreProduct :: #255
2019-04-07T23:18:46+00:00 NOTICE product_submit.success :: updateStoreProduct :: #269
2019-04-07T23:19:37+00:00 NOTICE product_submit.success :: updateStoreProduct :: #268
2019-04-07T23:20:30+00:00 NOTICE product_submit.success :: updateStoreProduct :: #267
2019-04-07T23:21:03+00:00 NOTICE product_submit.success :: updateStoreProduct :: #266
2019-04-07T23:21:21+00:00 NOTICE product_submit.success :: updateStoreProduct :: #265
2019-04-07T23:22:15+00:00 NOTICE product_submit.success :: updateStoreProduct :: #263
2019-04-07T23:23:02+00:00 NOTICE product_submit.success :: updateStoreProduct :: #270
2019-04-07T23:23:06+00:00 NOTICE product_submit.success :: updateStoreProduct :: #271
2019-04-07T23:23:45+00:00 NOTICE product_submit.success :: updateStoreProduct :: #264
2019-04-07T23:23:58+00:00 NOTICE product_submit.success :: updateStoreProduct :: #272
2019-04-07T23:24:28+00:00 NOTICE product_submit.success :: updateStoreProduct :: #273
2019-04-07T23:24:46+00:00 NOTICE product_submit.success :: updateStoreProduct :: #274
2019-04-07T23:25:49+00:00 NOTICE product_submit.success :: updateStoreProduct :: #275
2019-04-07T23:26:44+00:00 NOTICE product_submit.success :: updateStoreProduct :: #277
2019-04-07T23:27:41+00:00 NOTICE product_submit.success :: updateStoreProduct :: #278
2019-04-07T23:30:18+00:00 NOTICE product_submit.success :: updateStoreProduct :: #281
