2019-04-11T01:17:49+00:00 NOTICE order_submit.success :: addStoreOrder :: #601 :: email: lizbeth.jordan.v@gmail.com :: landing site http://vyartesublimacion.com/
2019-04-11T20:39:20+00:00 NOTICE order_submit.success :: addStoreOrder :: #633 :: email: lizbeth.jordan.v@gmail.com :: landing site http://vyartesublimacion.com/?wc-ajax=get_refreshed_fragments
2019-04-11T20:40:00+00:00 NOTICE member.sync :: Updated Member lizbeth.jordan.v@gmail.com ( merge tags only ) :: Array
(
    [merge_vars] => Array
        (
            [FNAME] => Lizbeth
            [LNAME] => Jordan
        )

)

2019-04-11T21:31:18+00:00 NOTICE order_submit.success :: addStoreOrder :: #634 :: email: lizbeth.jordan.v@gmail.com :: landing site http://vyartesublimacion.com/?wc-ajax=get_refreshed_fragments
2019-04-11T22:17:46+00:00 NOTICE member.sync :: Updated Member lizbeth.jordan.v@gmail.com ( merge tags only ) :: Array
(
    [merge_vars] => Array
        (
            [FNAME] => Lizbeth
            [LNAME] => Jordan
        )

)

2019-04-11T23:08:45+00:00 NOTICE order_submit.success :: addStoreOrder :: #645 :: email: lizbeth.jordan.v@gmail.com :: landing site http://vyartesublimacion.com/?wc-ajax=get_refreshed_fragments
